<?xml version="1.0" encoding="UTF-8"?>
<!-- Generated by org.testng.reporters.JUnitXMLReporter -->
<testsuite hostname="LAPTOP-N3Q913SL" ignored="0" name="Default test" tests="12" failures="0" timestamp="2022-03-31T19:13:29 IST" time="149.794" errors="0">
  <testcase name="testcase_1" time="2.87" classname="com.sit.com.sit.W3School.Test_whole_W3School"/>
  <testcase name="testcase_2" time="8.299" classname="com.sit.com.sit.W3School.Test_whole_W3School"/>
  <testcase name="testcase_3" time="2.082" classname="com.sit.com.sit.W3School.Test_whole_W3School"/>
  <testcase name="testcase_4" time="8.12" classname="com.sit.com.sit.W3School.Test_whole_W3School"/>
  <testcase name="testcase_5" time="10.018" classname="com.sit.com.sit.W3School.Test_whole_W3School"/>
  <testcase name="testcase_6" time="11.355" classname="com.sit.com.sit.W3School.Test_whole_W3School"/>
  <testcase name="testcase_7" time="4.769" classname="com.sit.com.sit.W3School.Test_whole_W3School"/>
  <testcase name="testcase_8" time="11.961" classname="com.sit.com.sit.W3School.Test_whole_W3School"/>
  <testcase name="testcase_9" time="17.031" classname="com.sit.com.sit.W3School.Test_whole_W3School"/>
  <testcase name="testcase_10" time="17.945" classname="com.sit.com.sit.W3School.Test_whole_W3School"/>
  <testcase name="testcase_11" time="32.938" classname="com.sit.com.sit.W3School.Test_whole_W3School"/>
  <testcase name="testcas_12" time="13.61" classname="com.sit.com.sit.W3School.Test_whole_W3School"/>
</testsuite> <!-- Default test -->
